[debug] [2022-12-25T15:59:12.835Z] ----------------------------------------------------------------------
[debug] [2022-12-25T15:59:12.837Z] Command:       C:\Program Files\nodejs\node.exe C:\Users\adams\AppData\Roaming\npm\node_modules\firebase-tools\lib\bin\firebase.js serve
[debug] [2022-12-25T15:59:12.837Z] CLI Version:   11.16.1
[debug] [2022-12-25T15:59:12.837Z] Platform:      win32
[debug] [2022-12-25T15:59:12.837Z] Node Version:  v16.16.0
[debug] [2022-12-25T15:59:12.839Z] Time:          Sun Dec 25 2022 16:59:12 GMT+0100 (West Africa Standard Time)
[debug] [2022-12-25T15:59:12.839Z] ----------------------------------------------------------------------
[debug] 
[debug] [2022-12-25T15:59:12.922Z] > command requires scopes: ["email","openid","https://www.googleapis.com/auth/cloudplatformprojects.readonly","https://www.googleapis.com/auth/firebase","https://www.googleapis.com/auth/cloud-platform"]
[debug] [2022-12-25T15:59:12.922Z] > authorizing via signed-in user (aabdulsamadsadiq@gmail.com)
[debug] [2022-12-25T15:59:12.922Z] [iam] checking project real-word-projects for permissions ["firebase.projects.get"]
[debug] [2022-12-25T15:59:12.924Z] >>> [apiv2][query] POST https://cloudresourcemanager.googleapis.com/v1/projects/real-word-projects:testIamPermissions [none]
[debug] [2022-12-25T15:59:12.924Z] >>> [apiv2][(partial)header] POST https://cloudresourcemanager.googleapis.com/v1/projects/real-word-projects:testIamPermissions x-goog-quota-user=projects/real-word-projects
[debug] [2022-12-25T15:59:12.924Z] >>> [apiv2][body] POST https://cloudresourcemanager.googleapis.com/v1/projects/real-word-projects:testIamPermissions {"permissions":["firebase.projects.get"]}
[debug] [2022-12-25T15:59:14.026Z] <<< [apiv2][status] POST https://cloudresourcemanager.googleapis.com/v1/projects/real-word-projects:testIamPermissions 200
[debug] [2022-12-25T15:59:14.027Z] <<< [apiv2][body] POST https://cloudresourcemanager.googleapis.com/v1/projects/real-word-projects:testIamPermissions {"permissions":["firebase.projects.get"]}
[debug] [2022-12-25T15:59:14.030Z] >>> [apiv2][query] GET https://firebase.googleapis.com/v1beta1/projects/real-word-projects [none]
[debug] [2022-12-25T15:59:15.397Z] <<< [apiv2][status] GET https://firebase.googleapis.com/v1beta1/projects/real-word-projects 200
[debug] [2022-12-25T15:59:15.397Z] <<< [apiv2][body] GET https://firebase.googleapis.com/v1beta1/projects/real-word-projects {"projectId":"real-word-projects","projectNumber":"221733344417","displayName":"real word projects","name":"projects/real-word-projects","resources":{"hostingSite":"real-word-projects"},"state":"ACTIVE","etag":"1_52418d20-4686-44b0-a28f-ff81ed6b9fba"}
[info] 
[info] === Serving from 'C:\Users\adams\Documents\front end\my agency xiii\portfolio-web'...
[info] 
[debug] [2022-12-25T15:59:15.410Z] >>> [apiv2][query] GET https://firebasehosting.googleapis.com/v1beta1/projects/real-word-projects/sites 
[debug] [2022-12-25T15:59:17.547Z] <<< [apiv2][status] GET https://firebasehosting.googleapis.com/v1beta1/projects/real-word-projects/sites 200
[debug] [2022-12-25T15:59:17.547Z] <<< [apiv2][body] GET https://firebasehosting.googleapis.com/v1beta1/projects/real-word-projects/sites {"sites":[{"name":"projects/real-word-projects/sites/real-word-projects","defaultUrl":"https://real-word-projects.web.app","type":"DEFAULT_SITE"}]}
[debug] [2022-12-25T15:59:17.548Z] >>> [apiv2][query] GET https://firebase.googleapis.com/v1beta1/projects/real-word-projects/webApps/-/config [none]
[debug] [2022-12-25T15:59:19.893Z] <<< [apiv2][status] GET https://firebase.googleapis.com/v1beta1/projects/real-word-projects/webApps/-/config 200
[debug] [2022-12-25T15:59:19.893Z] <<< [apiv2][body] GET https://firebase.googleapis.com/v1beta1/projects/real-word-projects/webApps/-/config {"projectId":"real-word-projects","storageBucket":"real-word-projects.appspot.com","apiKey":"AIzaSyDQkQ5lkOsunblzpAi_KclinncY3eQHULw","authDomain":"real-word-projects.firebaseapp.com","messagingSenderId":"221733344417"}
[debug] [2022-12-25T15:59:19.904Z] >>> [apiv2][query] GET https://firebase.googleapis.com/v1beta1/projects/real-word-projects [none]
[debug] [2022-12-25T15:59:20.524Z] <<< [apiv2][status] GET https://firebase.googleapis.com/v1beta1/projects/real-word-projects 200
[debug] [2022-12-25T15:59:20.525Z] <<< [apiv2][body] GET https://firebase.googleapis.com/v1beta1/projects/real-word-projects {"projectId":"real-word-projects","projectNumber":"221733344417","displayName":"real word projects","name":"projects/real-word-projects","resources":{"hostingSite":"real-word-projects"},"state":"ACTIVE","etag":"1_52418d20-4686-44b0-a28f-ff81ed6b9fba"}
[info] i  hosting[real-word-projects]: Serving hosting files from: build {"metadata":{"emulator":{"name":"hosting"},"message":"Serving hosting files from: \u001b[1mbuild\u001b[22m"}}
[info] +  hosting[real-word-projects]: Local server: http://localhost:5000 {"metadata":{"emulator":{"name":"hosting"},"message":"Local server: \u001b[4m\u001b[1mhttp://localhost:5000\u001b[22m\u001b[24m"}}
